<?xml version="1.0" encoding="UTF-8"?>
<coverage generated="1757029228516" clover="3.2.0">
  <project timestamp="1757029228516" name="All files">
    <metrics statements="42" coveredstatements="32" conditionals="12" coveredconditionals="4" methods="15" coveredmethods="13" elements="69" coveredelements="49" complexity="0" loc="42" ncloc="42" packages="3" files="3" classes="3"/>
    <package name="lib">
      <metrics statements="16" coveredstatements="6" conditionals="8" coveredconditionals="0" methods="3" coveredmethods="1"/>
      <file name="axios.ts" path="/Users/asrul/Project/Test/Rekosistem/learn/assdev15-app/src/lib/axios.ts">
        <metrics statements="16" coveredstatements="6" conditionals="8" coveredconditionals="0" methods="3" coveredmethods="1"/>
        <line num="3" count="1" type="stmt"/>
        <line num="5" count="1" type="stmt"/>
        <line num="6" count="1" type="stmt"/>
        <line num="12" count="1" type="stmt"/>
        <line num="13" count="0" type="stmt"/>
        <line num="14" count="0" type="cond" truecount="0" falsecount="2"/>
        <line num="16" count="0" type="cond" truecount="0" falsecount="2"/>
        <line num="17" count="0" type="stmt"/>
        <line num="19" count="0" type="cond" truecount="0" falsecount="2"/>
        <line num="23" count="0" type="stmt"/>
        <line num="24" count="0" type="stmt"/>
        <line num="25" count="0" type="stmt"/>
        <line num="26" count="0" type="stmt"/>
        <line num="29" count="0" type="stmt"/>
        <line num="32" count="1" type="stmt"/>
        <line num="35" count="1" type="stmt"/>
      </file>
    </package>
    <package name="services">
      <metrics statements="11" coveredstatements="11" conditionals="0" coveredconditionals="0" methods="2" coveredmethods="2"/>
      <file name="pokemon.ts" path="/Users/asrul/Project/Test/Rekosistem/learn/assdev15-app/src/services/pokemon.ts">
        <metrics statements="11" coveredstatements="11" conditionals="0" coveredconditionals="0" methods="2" coveredmethods="2"/>
        <line num="3" count="1" type="stmt"/>
        <line num="4" count="2" type="stmt"/>
        <line num="5" count="2" type="stmt"/>
        <line num="6" count="2" type="stmt"/>
        <line num="7" count="1" type="stmt"/>
        <line num="9" count="1" type="stmt"/>
        <line num="13" count="1" type="stmt"/>
        <line num="14" count="2" type="stmt"/>
        <line num="15" count="2" type="stmt"/>
        <line num="16" count="1" type="stmt"/>
        <line num="18" count="1" type="stmt"/>
      </file>
    </package>
    <package name="store.favorites">
      <metrics statements="15" coveredstatements="15" conditionals="4" coveredconditionals="4" methods="10" coveredmethods="10"/>
      <file name="favorite-slice.ts" path="/Users/asrul/Project/Test/Rekosistem/learn/assdev15-app/src/store/favorites/favorite-slice.ts">
        <metrics statements="15" coveredstatements="15" conditionals="4" coveredconditionals="4" methods="10" coveredmethods="10"/>
        <line num="18" count="2" type="stmt"/>
        <line num="23" count="2" type="stmt"/>
        <line num="28" count="8" type="cond" truecount="2" falsecount="0"/>
        <line num="29" count="6" type="stmt"/>
        <line num="30" count="6" type="stmt"/>
        <line num="34" count="12" type="stmt"/>
        <line num="35" count="5" type="stmt"/>
        <line num="36" count="12" type="stmt"/>
        <line num="41" count="6" type="stmt"/>
        <line num="42" count="25" type="stmt"/>
        <line num="46" count="7" type="stmt"/>
        <line num="47" count="7" type="stmt"/>
        <line num="49" count="7" type="cond" truecount="2" falsecount="0"/>
        <line num="50" count="5" type="stmt"/>
        <line num="57" count="2" type="stmt"/>
      </file>
    </package>
  </project>
</coverage>
