{"/Users/asrul/Project/Test/Rekosistem/learn/assdev15-app/src/lib/axios.ts": {"path":"/Users/asrul/Project/Test/Rekosistem/learn/assdev15-app/src/lib/axios.ts","statementMap":{"0":{"start":{"line":3,"column":17},"end":{"line":3,"column":44}},"1":{"start":{"line":5,"column":31},"end":{"line":33,"column":1}},"2":{"start":{"line":6,"column":19},"end":{"line":10,"column":4}},"3":{"start":{"line":12,"column":2},"end":{"line":30,"column":5}},"4":{"start":{"line":13,"column":19},"end":{"line":13,"column":31}},"5":{"start":{"line":14,"column":4},"end":{"line":14,"column":46}},"6":{"start":{"line":14,"column":17},"end":{"line":14,"column":46}},"7":{"start":{"line":16,"column":4},"end":{"line":16,"column":51}},"8":{"start":{"line":17,"column":23},"end":{"line":17,"column":24}},"9":{"start":{"line":19,"column":4},"end":{"line":27,"column":5}},"10":{"start":{"line":23,"column":6},"end":{"line":23,"column":31}},"11":{"start":{"line":24,"column":20},"end":{"line":24,"column":58}},"12":{"start":{"line":25,"column":6},"end":{"line":25,"column":57}},"13":{"start":{"line":25,"column":33},"end":{"line":25,"column":55}},"14":{"start":{"line":26,"column":6},"end":{"line":26,"column":30}},"15":{"start":{"line":29,"column":4},"end":{"line":29,"column":33}},"16":{"start":{"line":32,"column":2},"end":{"line":32,"column":18}},"17":{"start":{"line":35,"column":19},"end":{"line":35,"column":36}}},"fnMap":{"0":{"name":"(anonymous_0)","decl":{"start":{"line":5,"column":31},"end":{"line":5,"column":32}},"loc":{"start":{"line":5,"column":52},"end":{"line":33,"column":1}},"line":5},"1":{"name":"(anonymous_1)","decl":{"start":{"line":12,"column":48},"end":{"line":12,"column":49}},"loc":{"start":{"line":12,"column":65},"end":{"line":30,"column":3}},"line":12},"2":{"name":"(anonymous_2)","decl":{"start":{"line":25,"column":24},"end":{"line":25,"column":25}},"loc":{"start":{"line":25,"column":33},"end":{"line":25,"column":55}},"line":25}},"branchMap":{"0":{"loc":{"start":{"line":14,"column":4},"end":{"line":14,"column":46}},"type":"if","locations":[{"start":{"line":14,"column":4},"end":{"line":14,"column":46}},{"start":{},"end":{}}],"line":14},"1":{"loc":{"start":{"line":16,"column":26},"end":{"line":16,"column":50}},"type":"binary-expr","locations":[{"start":{"line":16,"column":26},"end":{"line":16,"column":45}},{"start":{"line":16,"column":49},"end":{"line":16,"column":50}}],"line":16},"2":{"loc":{"start":{"line":19,"column":4},"end":{"line":27,"column":5}},"type":"if","locations":[{"start":{"line":19,"column":4},"end":{"line":27,"column":5}},{"start":{},"end":{}}],"line":19},"3":{"loc":{"start":{"line":20,"column":6},"end":{"line":21,"column":38}},"type":"binary-expr","locations":[{"start":{"line":20,"column":6},"end":{"line":20,"column":44}},{"start":{"line":21,"column":6},"end":{"line":21,"column":38}}],"line":20}},"s":{"0":1,"1":1,"2":1,"3":1,"4":0,"5":0,"6":0,"7":0,"8":0,"9":0,"10":0,"11":0,"12":0,"13":0,"14":0,"15":0,"16":1,"17":1},"f":{"0":1,"1":0,"2":0},"b":{"0":[0,0],"1":[0,0],"2":[0,0],"3":[0,0]},"_coverageSchema":"1a1c01bbd47fc00a2c39e90264f33305004495a9","hash":"6e1900907bcf185cacc5bd4a17699d17f94094ea"}
,"/Users/asrul/Project/Test/Rekosistem/learn/assdev15-app/src/services/pokemon.ts": {"path":"/Users/asrul/Project/Test/Rekosistem/learn/assdev15-app/src/services/pokemon.ts","statementMap":{"0":{"start":{"line":3,"column":32},"end":{"line":11,"column":1}},"1":{"start":{"line":4,"column":16},"end":{"line":4,"column":18}},"2":{"start":{"line":5,"column":2},"end":{"line":10,"column":3}},"3":{"start":{"line":6,"column":16},"end":{"line":6,"column":73}},"4":{"start":{"line":7,"column":4},"end":{"line":7,"column":20}},"5":{"start":{"line":9,"column":4},"end":{"line":9,"column":16}},"6":{"start":{"line":13,"column":34},"end":{"line":20,"column":1}},"7":{"start":{"line":14,"column":2},"end":{"line":19,"column":3}},"8":{"start":{"line":15,"column":16},"end":{"line":15,"column":49}},"9":{"start":{"line":16,"column":4},"end":{"line":16,"column":20}},"10":{"start":{"line":18,"column":4},"end":{"line":18,"column":16}}},"fnMap":{"0":{"name":"(anonymous_0)","decl":{"start":{"line":3,"column":32},"end":{"line":3,"column":33}},"loc":{"start":{"line":3,"column":58},"end":{"line":11,"column":1}},"line":3},"1":{"name":"(anonymous_1)","decl":{"start":{"line":13,"column":34},"end":{"line":13,"column":35}},"loc":{"start":{"line":13,"column":58},"end":{"line":20,"column":1}},"line":13}},"branchMap":{},"s":{"0":1,"1":2,"2":2,"3":2,"4":1,"5":1,"6":1,"7":2,"8":2,"9":1,"10":1},"f":{"0":2,"1":2},"b":{},"_coverageSchema":"1a1c01bbd47fc00a2c39e90264f33305004495a9","hash":"d11f0377fba2d1fc61e5ebd8d927adb034095065"}
,"/Users/asrul/Project/Test/Rekosistem/learn/assdev15-app/src/store/favorites/favorite-slice.ts": {"path":"/Users/asrul/Project/Test/Rekosistem/learn/assdev15-app/src/store/favorites/favorite-slice.ts","statementMap":{"0":{"start":{"line":18,"column":37},"end":{"line":21,"column":1}},"1":{"start":{"line":23,"column":23},"end":{"line":54,"column":2}},"2":{"start":{"line":28,"column":6},"end":{"line":31,"column":7}},"3":{"start":{"line":28,"column":35},"end":{"line":28,"column":65}},"4":{"start":{"line":29,"column":8},"end":{"line":29,"column":41}},"5":{"start":{"line":30,"column":8},"end":{"line":30,"column":70}},"6":{"start":{"line":34,"column":6},"end":{"line":34,"column":73}},"7":{"start":{"line":34,"column":46},"end":{"line":34,"column":71}},"8":{"start":{"line":35,"column":6},"end":{"line":37,"column":8}},"9":{"start":{"line":36,"column":15},"end":{"line":36,"column":45}},"10":{"start":{"line":41,"column":6},"end":{"line":43,"column":8}},"11":{"start":{"line":42,"column":15},"end":{"line":42,"column":66}},"12":{"start":{"line":42,"column":43},"end":{"line":42,"column":65}},"13":{"start":{"line":46,"column":19},"end":{"line":48,"column":7}},"14":{"start":{"line":47,"column":15},"end":{"line":47,"column":45}},"15":{"start":{"line":49,"column":6},"end":{"line":51,"column":7}},"16":{"start":{"line":50,"column":8},"end":{"line":50,"column":26}},"17":{"start":{"line":57,"column":2},"end":{"line":57,"column":24}}},"fnMap":{"0":{"name":"(anonymous_0)","decl":{"start":{"line":27,"column":17},"end":{"line":27,"column":18}},"loc":{"start":{"line":27,"column":68},"end":{"line":32,"column":5}},"line":27},"1":{"name":"(anonymous_1)","decl":{"start":{"line":28,"column":28},"end":{"line":28,"column":29}},"loc":{"start":{"line":28,"column":35},"end":{"line":28,"column":65}},"line":28},"2":{"name":"(anonymous_2)","decl":{"start":{"line":33,"column":20},"end":{"line":33,"column":21}},"loc":{"start":{"line":33,"column":62},"end":{"line":38,"column":5}},"line":33},"3":{"name":"(anonymous_3)","decl":{"start":{"line":34,"column":39},"end":{"line":34,"column":40}},"loc":{"start":{"line":34,"column":46},"end":{"line":34,"column":71}},"line":34},"4":{"name":"(anonymous_4)","decl":{"start":{"line":36,"column":8},"end":{"line":36,"column":9}},"loc":{"start":{"line":36,"column":15},"end":{"line":36,"column":45}},"line":36},"5":{"name":"(anonymous_5)","decl":{"start":{"line":39,"column":16},"end":{"line":39,"column":17}},"loc":{"start":{"line":39,"column":69},"end":{"line":44,"column":5}},"line":39},"6":{"name":"(anonymous_6)","decl":{"start":{"line":42,"column":8},"end":{"line":42,"column":9}},"loc":{"start":{"line":42,"column":15},"end":{"line":42,"column":66}},"line":42},"7":{"name":"(anonymous_7)","decl":{"start":{"line":42,"column":36},"end":{"line":42,"column":37}},"loc":{"start":{"line":42,"column":43},"end":{"line":42,"column":65}},"line":42},"8":{"name":"(anonymous_8)","decl":{"start":{"line":45,"column":20},"end":{"line":45,"column":21}},"loc":{"start":{"line":45,"column":62},"end":{"line":52,"column":5}},"line":45},"9":{"name":"(anonymous_9)","decl":{"start":{"line":47,"column":8},"end":{"line":47,"column":9}},"loc":{"start":{"line":47,"column":15},"end":{"line":47,"column":45}},"line":47}},"branchMap":{"0":{"loc":{"start":{"line":28,"column":6},"end":{"line":31,"column":7}},"type":"if","locations":[{"start":{"line":28,"column":6},"end":{"line":31,"column":7}},{"start":{},"end":{}}],"line":28},"1":{"loc":{"start":{"line":49,"column":6},"end":{"line":51,"column":7}},"type":"if","locations":[{"start":{"line":49,"column":6},"end":{"line":51,"column":7}},{"start":{},"end":{}}],"line":49}},"s":{"0":2,"1":2,"2":8,"3":3,"4":6,"5":6,"6":5,"7":12,"8":5,"9":12,"10":6,"11":18,"12":25,"13":7,"14":7,"15":7,"16":5,"17":2},"f":{"0":8,"1":3,"2":5,"3":12,"4":12,"5":6,"6":18,"7":25,"8":7,"9":7},"b":{"0":[6,2],"1":[5,2]},"_coverageSchema":"1a1c01bbd47fc00a2c39e90264f33305004495a9","hash":"508085a81558de63b21a9ac84928ab186b76d481"}
}
