TN:
SF:src/lib/axios.ts
FN:5,(anonymous_0)
FN:12,(anonymous_1)
FN:25,(anonymous_2)
FNF:3
FNH:1
FNDA:1,(anonymous_0)
FNDA:0,(anonymous_1)
FNDA:0,(anonymous_2)
DA:3,1
DA:5,1
DA:6,1
DA:12,1
DA:13,0
DA:14,0
DA:16,0
DA:17,0
DA:19,0
DA:23,0
DA:24,0
DA:25,0
DA:26,0
DA:29,0
DA:32,1
DA:35,1
LF:16
LH:6
BRDA:14,0,0,0
BRDA:14,0,1,0
BRDA:16,1,0,0
BRDA:16,1,1,0
BRDA:19,2,0,0
BRDA:19,2,1,0
BRDA:20,3,0,0
BRDA:20,3,1,0
BRF:8
BRH:0
end_of_record
TN:
SF:src/services/pokemon.ts
FN:3,(anonymous_0)
FN:13,(anonymous_1)
FNF:2
FNH:2
FNDA:2,(anonymous_0)
FNDA:2,(anonymous_1)
DA:3,1
DA:4,2
DA:5,2
DA:6,2
DA:7,1
DA:9,1
DA:13,1
DA:14,2
DA:15,2
DA:16,1
DA:18,1
LF:11
LH:11
BRF:0
BRH:0
end_of_record
TN:
SF:src/store/favorites/favorite-slice.ts
FN:27,(anonymous_0)
FN:28,(anonymous_1)
FN:33,(anonymous_2)
FN:34,(anonymous_3)
FN:36,(anonymous_4)
FN:39,(anonymous_5)
FN:42,(anonymous_6)
FN:42,(anonymous_7)
FN:45,(anonymous_8)
FN:47,(anonymous_9)
FNF:10
FNH:10
FNDA:8,(anonymous_0)
FNDA:3,(anonymous_1)
FNDA:5,(anonymous_2)
FNDA:12,(anonymous_3)
FNDA:12,(anonymous_4)
FNDA:6,(anonymous_5)
FNDA:18,(anonymous_6)
FNDA:25,(anonymous_7)
FNDA:7,(anonymous_8)
FNDA:7,(anonymous_9)
DA:18,2
DA:23,2
DA:28,8
DA:29,6
DA:30,6
DA:34,12
DA:35,5
DA:36,12
DA:41,6
DA:42,25
DA:46,7
DA:47,7
DA:49,7
DA:50,5
DA:57,2
LF:15
LH:15
BRDA:28,0,0,6
BRDA:28,0,1,2
BRDA:49,1,0,5
BRDA:49,1,1,2
BRF:4
BRH:4
end_of_record
